 NCORDRY =    0
 NCORDRY =    0
 NCORDRY =    0
 NCORDRY =    0
 NCORDRY =    0
 NCORDRY =    0
 NCORDRY =    0
 NCORDRY =    0
 NCORDRY =    0
 NCORDRY =    0
 NCORDRY =    0
 NCORDRY =    0
 NCORDRY =    0
 NCORDRY =    0
 NCORDRY =    0
 NCORDRY =    0
 NCORDRY =    0
 NCORDRY =    0
 NCORDRY =    0
 NCORDRY =    0
 NCORDRY =    0
 NCORDRY =    0
 NCORDRY =    0
 NCORDRY =    0
 NCORDRY =    0
 NCORDRY =    0
 NCORDRY =    0
 NCORDRY =    0
 NCORDRY =    0
 NCORDRY =    0
 NCORDRY =    0
 NCORDRY =    0
 NCORDRY =    0
 NCORDRY =    0
 NCORDRY =    0
 NCORDRY =    0
 NCORDRY =    0
 NCORDRY =    0
 NCORDRY =    0
 NCORDRY =    0
 NCORDRY =    0
 NCORDRY =    0
 NCORDRY =    0
 NCORDRY =    0
 NCORDRY =    0
 NCORDRY =    0
 NCORDRY =    0
 NCORDRY =    0
 NCORDRY =    0
 NCORDRY =    0
 NCORDRY =    0
 NCORDRY =    0
 NCORDRY =    0
 NCORDRY =    0
 NCORDRY =    0
 NCORDRY =    0
 NCORDRY =    0
 NCORDRY =    0
 NCORDRY =    0
 NCORDRY =    0
 NCORDRY =    0
 NCORDRY =    0
 NCORDRY =    0
 NCORDRY =    0
 NCORDRY =    0
 NCORDRY =    0
 NCORDRY =    0
 NCORDRY =    0
 NCORDRY =    0
 NCORDRY =    0
 NCORDRY =    0
 NCORDRY =    0
 NCORDRY =    0
 NCORDRY =    0
 NCORDRY =    0
 NCORDRY =    0
 NCORDRY =    0
 NCORDRY =    0
 NCORDRY =    0
 NCORDRY =    0
 NCORDRY =    0
 NCORDRY =    0
 NCORDRY =    0
 NCORDRY =    0
 NCORDRY =    0
 NCORDRY =    0
 NCORDRY =    0
 NCORDRY =    0
 NCORDRY =    0
 NCORDRY =    0
 NCORDRY =    0
 NCORDRY =    0
 NCORDRY =    0
 NCORDRY =    0
 NCORDRY =    0
 NCORDRY =    0
 NCORDRY =    0
 NCORDRY =    0
 NCORDRY =    0
 NCORDRY =    0
 NCORDRY =    0
 NCORDRY =    0
 NCORDRY =    0
 NCORDRY =    0
 NCORDRY =    0
 NCORDRY =    0
 NCORDRY =    0
 NCORDRY =    0
 NCORDRY =    0
 NCORDRY =    0
 NCORDRY =    0
 NCORDRY =    0
 NCORDRY =    0
 NCORDRY =    0
 NCORDRY =    0
 NCORDRY =    0
 NCORDRY =    0
 NCORDRY =    0
 NCORDRY =    0
 NCORDRY =    0
 NCORDRY =    0
 NCORDRY =    0
 NCORDRY =    0
 NCORDRY =    0
 NCORDRY =    0
 NCORDRY =    0
 NCORDRY =    0
 NCORDRY =    0
 NCORDRY =    0
 NCORDRY =    0
 NCORDRY =    0
 NCORDRY =    0
 NCORDRY =    0
 NCORDRY =    0
 NCORDRY =    0
 NCORDRY =    0
 NCORDRY =    0
 NCORDRY =    0
 NCORDRY =    0
 NCORDRY =    0
 NCORDRY =    0
 NCORDRY =    0
 NCORDRY =    0
 NCORDRY =    0
 NCORDRY =    0
 NCORDRY =    0
 NCORDRY =    0
 NCORDRY =    0
 NCORDRY =    0
 NCORDRY =    0
 NCORDRY =    0
 NCORDRY =    0
 NCORDRY =    0
 NCORDRY =    0
 NCORDRY =    0
 NCORDRY =    0
 NCORDRY =    0
 NCORDRY =    0
 NCORDRY =    0
 NCORDRY =    0
 NCORDRY =    0
 NCORDRY =    0
 NCORDRY =    0
 NCORDRY =    0
 NCORDRY =    0
 NCORDRY =    0
 NCORDRY =    0
 NCORDRY =    0
 NCORDRY =    0
 NCORDRY =    0
 NCORDRY =    0
 NCORDRY =    0
 NCORDRY =    0
 NCORDRY =    0
 NCORDRY =    0
 NCORDRY =    0
 NCORDRY =    0
 NCORDRY =    0
 NCORDRY =    0
 NCORDRY =    0
 NCORDRY =    0
 NCORDRY =    0
 NCORDRY =    0
 NCORDRY =    0
 NCORDRY =    0
 NCORDRY =    0
 NCORDRY =    0
 NCORDRY =    0
 NCORDRY =    0
 NCORDRY =    0
 NCORDRY =    0
 NCORDRY =    0
 NCORDRY =    0
 NCORDRY =    0
 NCORDRY =    0
 NCORDRY =    0
 NCORDRY =    0
 NCORDRY =    0
 NCORDRY =    0
 NCORDRY =    0
 NCORDRY =    0
 NCORDRY =    0
 NCORDRY =    0
 NCORDRY =    0
 NCORDRY =    0
 NCORDRY =    0
 NCORDRY =    0
 NCORDRY =    0
 NCORDRY =    0
 NCORDRY =    0
 NCORDRY =    0
 NCORDRY =    0
 NCORDRY =    0
 NCORDRY =    0
 NCORDRY =    0
 NCORDRY =    0
 NCORDRY =    0
 NCORDRY =    0
 NCORDRY =    0
 NCORDRY =    0
 NCORDRY =    0
 NCORDRY =    0
 NCORDRY =    0
 NCORDRY =    0
 NCORDRY =    0
 NCORDRY =    0
 NCORDRY =    0
 NCORDRY =    0
 NCORDRY =    0
 NCORDRY =    0
 NCORDRY =    0
 NCORDRY =    0
 NCORDRY =    0
 NCORDRY =    0
 NCORDRY =    0
 NCORDRY =    0
 NCORDRY =    0
 NCORDRY =    0
 NCORDRY =    0
 NCORDRY =    0
 NCORDRY =    0
 NCORDRY =    0
 NCORDRY =    0
 NCORDRY =    0
 NCORDRY =    0
 NCORDRY =    0
 NCORDRY =    0
 NCORDRY =    0
 NCORDRY =    0
 NCORDRY =    0
 NCORDRY =    0
 NCORDRY =    0
 NCORDRY =    0
 NCORDRY =    0
 NCORDRY =    0
 NCORDRY =    0
 NCORDRY =    0
 NCORDRY =    0
 NCORDRY =    0
 NCORDRY =    0
 NCORDRY =    0
 NCORDRY =    0
 NCORDRY =    0
 NCORDRY =    0
 NCORDRY =    0
 NCORDRY =    0
 NCORDRY =    0
 NCORDRY =    0
 NCORDRY =    0
 NCORDRY =    0
 NCORDRY =    0
 NCORDRY =    0
 NCORDRY =    0
 NCORDRY =    0
 NCORDRY =    0
 NCORDRY =    0
 NCORDRY =    0
 NCORDRY =    0
 NCORDRY =    0
 NCORDRY =    0
 NCORDRY =    0
 NCORDRY =    0
 NCORDRY =    0
 NCORDRY =    0
 NCORDRY =    0
 NCORDRY =    0
 NCORDRY =    0
 NCORDRY =    0


 TIMING INFORMATION IN SECONDS

 THDMT  =     61052.1055  TCONG  =     11580.5801

 TPUV   =     20061.9902  TSSED  =      7793.3076

 TCEXP  =     13017.6143  TAVB   =      7793.2554

 TUVW   =      8437.5566  TQQQ   =      7793.2729

 TVDIF  =         0.0000  TSADV  =      9450.5215

 TLRPD  =         0.0000  TTBXY  =     12904.1719

 TWQDIF =         0.0000  TWQADV =         0.0000

 TWQKIN =         0.0000  TWQSED =         0.0000

 USER CPU      =     56260.4805  SYSTEM CPU  =      4791.6333

 ELLAPSED TIME =     61073.3008  CPU TIME    =     61052.1133

