    2  202    2      0.00
    3  203    2      0.00
    4  204    2      0.00
    5  205    2      0.00
    6  206    2      0.00
    7  202    3      0.00
    8  203    3      0.00
    9  204    3      0.00
   10  205    3      0.00
   11  206    3      0.00
   12  202    4      0.00
   13  203    4      0.00
   14  204    4      0.00
   15  205    4      0.00
   16  206    4      0.00
   17  202    5      0.00
   18  203    5      0.00
   19  204    5      0.00
   20  205    5      0.00
   21  206    5      0.00
   22  202    6      0.00
   23  203    6      0.00
   24  204    6      0.00
   25  205    6      0.00
   26  206    6      0.00
   27  202    7      0.00
   28  203    7      0.00
   29  204    7      0.00
   30  205    7      0.00
   31  206    7      0.00
   32  202    8      0.00
   33  203    8      0.00
   34  204    8      0.00
   35  205    8      0.00
   36  206    8      0.00
   37  202    9      0.00
   38  203    9      0.00
   39  204    9      0.00
   40  205    9      0.00
   41  206    9      0.00
   42  202   10      0.00
   43  203   10      0.00
   44  204   10      0.00
   45  205   10      0.00
   46  206   10      0.00
   47  202   11      0.00
   48  203   11      0.00
   49  204   11      0.00
   50  205   11      0.00
   51  206   11      0.00
   52  202   12      0.00
   53  203   12      0.00
   54  204   12      0.00
   55  205   12      0.00
   56  206   12      0.00
   57  202   13      0.00
   58  203   13      0.00
   59  204   13      0.00
   60  205   13      0.00
   61  206   13      0.00
   62  202   14      0.00
   63  203   14      0.00
   64  204   14      0.00
   65  205   14      0.00
   66  206   14      0.00
   67  202   15      0.00
   68  203   15      0.00
   69  204   15      0.00
   70  205   15      0.00
   71  206   15      0.00
   72  202   16      0.00
   73  203   16      0.00
   74  204   16      0.00
   75  205   16      0.00
   76  206   16      0.00
   77  202   17      0.00
   78  203   17      0.00
   79  204   17      0.00
   80  205   17      0.00
   81  206   17      0.00
   82  202   18      0.00
   83  203   18      0.00
   84  204   18      0.00
   85  205   18      0.00
   86  206   18      0.00
   87  202   19      0.00
   88  203   19      0.00
   89  204   19      0.00
   90  205   19      0.00
   91  206   19      0.00
   92  202   20      0.00
   93  203   20      0.00
   94  204   20      0.00
   95  205   20      0.00
   96  206   20      0.00
   97  202   21      0.00
   98  203   21      0.00
   99  204   21      0.00
  100  205   21      0.00
  101  206   21      0.00
  102  202   22      0.00
  103  203   22      0.00
  104  204   22      0.00
  105  205   22      0.00
  106  206   22      0.00
  107  202   23      0.00
  108  203   23      0.00
  109  204   23      0.00
  110  205   23      0.00
  111  206   23      0.00
  112  202   24      0.00
  113  203   24      0.00
  114  204   24      0.00
  115  205   24      0.00
  116  206   24      0.00
  117  202   25      0.00
  118  203   25      0.00
  119  204   25      0.00
  120  205   25      0.00
  121  206   25      0.00
  122  202   26      0.00
  123  203   26      0.00
  124  204   26      0.00
  125  205   26      0.00
  126  206   26      0.00
  127  202   27      0.00
  128  203   27      0.00
  129  204   27      0.00
  130  205   27      0.00
  131  206   27      0.00
  132  202   28      0.00
  133  203   28      0.00
  134  204   28      0.00
  135  205   28      0.00
  136  206   28      0.00
  137  202   29      0.00
  138  203   29      0.00
  139  204   29      0.00
  140  205   29      0.00
  141  206   29      0.00
  142  202   30      0.00
  143  203   30      0.00
  144  204   30      0.00
  145  205   30      0.00
  146  206   30      0.00
  147  202   31      0.00
  148  203   31      0.00
  149  204   31      0.00
  150  205   31      0.00
  151  206   31      0.00
  152  202   32      0.00
  153  203   32      0.00
  154  204   32      0.00
  155  205   32      0.00
  156  206   32      0.00
  157  202   33      0.00
  158  203   33      0.00
  159  204   33      0.00
  160  205   33      0.00
  161  206   33      0.00
  162  202   34      0.00
  163  203   34      0.00
  164  204   34      0.00
  165  205   34      0.00
  166  206   34      0.00
  167  202   35      0.00
  168  203   35      0.00
  169  204   35      0.00
  170  205   35      0.00
  171  206   35      0.00
  172  202   36      0.00
  173  203   36      0.00
  174  204   36      0.00
  175  205   36      0.00
  176  206   36      0.00
  177  202   37      0.00
  178  203   37      0.00
  179  204   37      0.00
  180  205   37      0.00
  181  206   37      0.00
  182  202   38      0.00
  183  203   38      0.00
  184  204   38      0.00
  185  205   38      0.00
  186  206   38      0.00
  187  202   39      0.00
  188  203   39      0.00
  189  204   39      0.00
  190  205   39      0.00
  191  206   39      0.00
  192  202   40      0.00
  193  203   40      0.00
  194  204   40      0.00
  195  205   40      0.00
  196  206   40      0.00
  197  202   41      0.00
  198  203   41      0.00
  199  204   41      0.00
  200  205   41      0.00
  201  206   41      0.00
  202  202   42      0.00
  203  203   42      0.00
  204  204   42      0.00
  205  205   42      0.00
  206  206   42      0.00
  207  202   43      0.00
  208  203   43      0.00
  209  204   43      0.00
  210  205   43      0.00
  211  206   43      0.00
  212  202   44      0.00
  213  203   44      0.00
  214  204   44      0.00
  215  205   44      0.00
  216  206   44      0.00
  217  202   45      0.00
  218  203   45      0.00
  219  204   45      0.00
  220  205   45      0.00
  221  206   45      0.00
  222  202   46      0.00
  223  203   46      0.00
  224  204   46      0.00
  225  205   46      0.00
  226  206   46      0.00
  227  202   47      0.00
  228  203   47      0.00
  229  204   47      0.00
  230  205   47      0.00
  231  206   47      0.00
  232  202   48      0.00
  233  203   48      0.00
  234  204   48      0.00
  235  205   48      0.00
  236  206   48      0.00
  237  202   49      0.00
  238  203   49      0.00
  239  204   49      0.00
  240  205   49      0.00
  241  206   49      0.00
  242  202   50      0.00
  243  203   50      0.00
  244  204   50      0.00
  245  205   50      0.00
  246  206   50      0.00
  247  202   51      0.00
  248  203   51      0.00
  249  204   51      0.00
  250  205   51      0.00
  251  206   51      0.00
  252  202   52      0.00
  253  203   52      0.00
  254  204   52      0.00
  255  205   52      0.00
  256  206   52      0.00
  257  202   53      0.00
  258  203   53      0.00
  259  204   53      0.00
  260  205   53      0.00
  261  206   53      0.00
  262  202   54      0.00
  263  203   54      0.00
  264  204   54      0.00
  265  205   54      0.00
  266  206   54      0.00
  267  202   55      0.00
  268  203   55      0.00
  269  204   55      0.00
  270  205   55      0.00
  271  206   55      0.00
  272  202   56      0.00
  273  203   56      0.00
  274  204   56      0.00
  275  205   56      0.00
  276  206   56      0.00
  277  202   57      0.00
  278  203   57      0.00
  279  204   57      0.00
  280  205   57      0.00
  281  206   57      0.00
  282  202   58      0.00
  283  203   58      0.00
  284  204   58      0.00
  285  205   58      0.00
  286  206   58      0.00
  287  202   59      0.00
  288  203   59      0.00
  289  204   59      0.00
  290  205   59      0.00
  291  206   59      0.00
  292  202   60      0.00
  293  203   60      0.00
  294  204   60      0.00
  295  205   60      0.00
  296  206   60      0.00
  297  202   61      0.00
  298  203   61      0.00
  299  204   61      0.00
  300  205   61      0.00
  301  206   61      0.00
  302  202   62      0.00
  303  203   62      0.00
  304  204   62      0.00
  305  205   62      0.00
  306  206   62      0.00
  307  202   63      0.00
  308  203   63      0.00
  309  204   63      0.00
  310  205   63      0.00
  311  206   63      0.00
  312  202   64      0.00
  313  203   64      0.00
  314  204   64      0.00
  315  205   64      0.00
  316  206   64      0.00
  317  202   65      0.00
  318  203   65      0.00
  319  204   65      0.00
  320  205   65      0.00
  321  206   65      0.00
  322  202   66      0.00
  323  203   66      0.00
  324  204   66      0.00
  325  205   66      0.00
  326  206   66      0.00
  327  202   67      0.00
  328  203   67      0.00
  329  204   67      0.00
  330  205   67      0.00
  331  206   67      0.00
  332  202   68      0.00
  333  203   68      0.00
  334  204   68      0.00
  335  205   68      0.00
  336  206   68      0.00
  337  202   69      0.00
  338  203   69      0.00
  339  204   69      0.00
  340  205   69      0.00
  341  206   69      0.00
  342  202   70      0.00
  343  203   70      0.00
  344  204   70      0.00
  345  205   70      0.00
  346  206   70      0.00
  347  202   71      0.00
  348  203   71      0.00
  349  204   71      0.00
  350  205   71      0.00
  351  206   71      0.00
  352  202   72      0.00
  353  203   72      0.00
  354  204   72      0.00
  355  205   72      0.00
  356  206   72      0.00
  357  202   73      0.00
  358  203   73      0.00
  359  204   73      0.00
  360  205   73      0.00
  361  206   73      0.00
  362  202   74      0.00
  363  203   74      0.00
  364  204   74      0.00
  365  205   74      0.00
  366  206   74      0.00
  367  202   75      0.00
  368  203   75      0.00
  369  204   75      0.00
  370  205   75      0.00
  371  206   75      0.00
  372  202   76      0.00
  373  203   76      0.00
  374  204   76      0.00
  375  205   76      0.00
  376  206   76      0.00
  377  202   77      0.00
  378  203   77      0.00
  379  204   77      0.00
  380  205   77      0.00
  381  206   77      0.00
  382  202   78      0.00
  383  203   78      0.00
  384  204   78      0.00
  385  205   78      0.00
  386  206   78      0.00
  387  202   79      0.00
  388  203   79      0.00
  389  204   79      0.00
  390  205   79      0.00
  391  206   79      0.00
  392  202   80      0.00
  393  203   80      0.00
  394  204   80      0.00
  395  205   80      0.00
  396  206   80      0.00
  397  202   81      0.00
  398  203   81      0.00
  399  204   81      0.00
  400  205   81      0.00
  401  206   81      0.00
  402  202   82      0.00
  403  203   82      0.00
  404  204   82      0.00
  405  205   82      0.00
  406  206   82      0.00
  407  202   83      0.00
  408  203   83      0.00
  409  204   83      0.00
  410  205   83      0.00
  411  206   83      0.00
  412  202   84      0.00
  413  203   84      0.00
  414  204   84      0.00
  415  205   84      0.00
  416  206   84      0.00
  417  202   85      0.00
  418  203   85      0.00
  419  204   85      0.00
  420  205   85      0.00
  421  206   85      0.00
  422  202   86      0.00
  423  203   86      0.00
  424  204   86      0.00
  425  205   86      0.00
  426  206   86      0.00
  427  202   87      0.00
  428  203   87      0.00
  429  204   87      0.00
  430  205   87      0.00
  431  206   87      0.00
  432  202   88      0.00
  433  203   88      0.00
  434  204   88      0.00
  435  205   88      0.00
  436  206   88      0.00
  437  202   89      0.00
  438  203   89      0.00
  439  204   89      0.00
  440  205   89      0.00
  441  206   89      0.00
  442  202   90      0.00
  443  203   90      0.00
  444  204   90      0.00
  445  205   90      0.00
  446  206   90      0.00
  447  202   91      0.00
  448  203   91      0.00
  449  204   91      0.00
  450  205   91      0.00
  451  206   91      0.00
  452  202   92      0.00
  453  203   92      0.00
  454  204   92      0.00
  455  205   92      0.00
  456  206   92      0.00
  457  202   93      0.00
  458  203   93      0.00
  459  204   93      0.00
  460  205   93      0.00
  461  206   93      0.00
  462  202   94      0.00
  463  203   94      0.00
  464  204   94      0.00
  465  205   94      0.00
  466  206   94      0.00
  467  202   95      0.00
  468  203   95      0.00
  469  204   95      0.00
  470  205   95      0.00
  471  206   95      0.00
  472  202   96      0.00
  473  203   96      0.00
  474  204   96      0.00
  475  205   96      0.00
  476  206   96      0.00
  477  202   97      0.00
  478  203   97      0.00
  479  204   97      0.00
  480  205   97      0.00
  481  206   97      0.00
  482  202   98      0.00
  483  203   98      0.00
  484  204   98      0.00
  485  205   98      0.00
  486  206   98      0.00
  487  202   99      0.00
  488  203   99      0.00
  489  204   99      0.00
  490  205   99      0.00
  491  206   99      0.00
  492  202  100      0.00
  493  203  100      0.00
  494  204  100      0.00
  495  205  100      0.00
  496  206  100      0.00
  497  202  101      0.00
  498  203  101      0.00
  499  204  101      0.00
  500  205  101      0.00
  501  206  101      0.00
  502  202  102      0.00
  503  203  102      0.00
  504  204  102      0.00
  505  205  102      0.00
  506  206  102      0.00
  507  202  103      0.00
  508  203  103      0.00
  509  204  103      0.00
  510  205  103      0.00
  511  206  103      0.00
  512  202  104      0.00
  513  203  104      0.00
  514  204  104      0.00
  515  205  104      0.00
  516  206  104      0.00
  517  202  105      0.00
  518  203  105      0.00
  519  204  105      0.00
  520  205  105      0.00
  521  206  105      0.00
  522  202  106      0.00
  523  203  106      0.00
  524  204  106      0.00
  525  205  106      0.00
  526  206  106      0.00
  527  202  107      0.00
  528  203  107      0.00
  529  204  107      0.00
  530  205  107      0.00
  531  206  107      0.00
  532  202  108      0.00
  533  203  108      0.00
  534  204  108      0.00
  535  205  108      0.00
  536  206  108      0.00
  537  202  109      0.00
  538  203  109      0.00
  539  204  109      0.00
  540  205  109      0.00
  541  206  109      0.00
  542  202  110      0.00
  543  203  110      0.00
  544  204  110      0.00
  545  205  110      0.00
  546  206  110      0.00
  547  202  111      0.00
  548  203  111      0.00
  549  204  111      0.00
  550  205  111      0.00
  551  206  111      0.00
  552  202  112      0.00
  553  203  112      0.00
  554  204  112      0.00
  555  205  112      0.00
  556  206  112      0.00
  557  202  113      0.00
  558  203  113      0.00
  559  204  113      0.00
  560  205  113      0.00
  561  206  113      0.00
  562  202  114      0.00
  563  203  114      0.00
  564  204  114      0.00
  565  205  114      0.00
  566  206  114      0.00
  567  202  115      0.00
  568  203  115      0.00
  569  204  115      0.00
  570  205  115      0.00
  571  206  115      0.00
  572  202  116      0.00
  573  203  116      0.00
  574  204  116      0.00
  575  205  116      0.00
  576  206  116      0.00
  577  202  117      0.00
  578  203  117      0.00
  579  204  117      0.00
  580  205  117      0.00
  581  206  117      0.00
  582  202  118      0.00
  583  203  118      0.00
  584  204  118      0.00
  585  205  118      0.00
  586  206  118      0.00
  587  202  119      0.00
  588  203  119      0.00
  589  204  119      0.00
  590  205  119      0.00
  591  206  119      0.00
  592  202  120      0.00
  593  203  120      0.00
  594  204  120      0.00
  595  205  120      0.00
  596  206  120      0.00
  597  202  121      0.00
  598  203  121      0.00
  599  204  121      0.00
  600  205  121      0.00
  601  206  121      0.00
  602  202  122      0.00
  603  203  122      0.00
  604  204  122      0.00
  605  205  122      0.00
  606  206  122      0.00
  607  202  123      0.00
  608  203  123      0.00
  609  204  123      0.00
  610  205  123      0.00
  611  206  123      0.00
  612  202  124      0.00
  613  203  124      0.00
  614  204  124      0.00
  615  205  124      0.00
  616  206  124      0.00
  617  202  125      0.00
  618  203  125      0.00
  619  204  125      0.00
  620  205  125      0.00
  621  206  125      0.00
  622  202  126      0.00
  623  203  126      0.00
  624  204  126      0.00
  625  205  126      0.00
  626  206  126      0.00
  627  202  127      0.00
  628  203  127      0.00
  629  204  127      0.00
  630  205  127      0.00
  631  206  127      0.00
  632  202  128      0.00
  633  203  128      0.00
  634  204  128      0.00
  635  205  128      0.00
  636  206  128      0.00
  637  202  129      0.00
  638  203  129      0.00
  639  204  129      0.00
  640  205  129      0.00
  641  206  129      0.00
  642  202  130      0.00
  643  203  130      0.00
  644  204  130      0.00
  645  205  130      0.00
  646  206  130      0.00
  647  202  131      0.00
  648  203  131      0.00
  649  204  131      0.00
  650  205  131      0.00
  651  206  131      0.00
  652  202  132      0.00
  653  203  132      0.00
  654  204  132      0.00
  655  205  132      0.00
  656  206  132      0.00
  657  202  133      0.00
  658  203  133      0.00
  659  204  133      0.00
  660  205  133      0.00
  661  206  133      0.00
  662  202  134      0.00
  663  203  134      0.00
  664  204  134      0.00
  665  205  134      0.00
  666  206  134      0.00
  667  202  135      0.00
  668  203  135      0.00
  669  204  135      0.00
  670  205  135      0.00
  671  206  135      0.00
  672  202  136      0.00
  673  203  136      0.00
  674  204  136      0.00
  675  205  136      0.00
  676  206  136      0.00
  677  202  137      0.00
  678  203  137      0.00
  679  204  137      0.00
  680  205  137      0.00
  681  206  137      0.00
  682  202  138      0.00
  683  203  138      0.00
  684  204  138      0.00
  685  205  138      0.00
  686  206  138      0.00
  687  202  139      0.00
  688  203  139      0.00
  689  204  139      0.00
  690  205  139      0.00
  691  206  139      0.00
  692  202  140      0.00
  693  203  140      0.00
  694  204  140      0.00
  695  205  140      0.00
  696  206  140      0.00
  697  202  141      0.00
  698  203  141      0.00
  699  204  141      0.00
  700  205  141      0.00
  701  206  141      0.00
  702  202  142      0.00
  703  203  142      0.00
  704  204  142      0.00
  705  205  142      0.00
  706  206  142      0.00
  707  202  143      0.00
  708  203  143      0.00
  709  204  143      0.00
  710  205  143      0.00
  711  206  143      0.00
  712  202  144      0.00
  713  203  144      0.00
  714  204  144      0.00
  715  205  144      0.00
  716  206  144      0.00
  717  202  145      0.00
  718  203  145      0.00
  719  204  145      0.00
  720  205  145      0.00
  721  206  145      0.00
  722  202  146      0.00
  723  203  146      0.00
  724  204  146      0.00
  725  205  146      0.00
  726  206  146      0.00
  727  202  147      0.00
  728  203  147      0.00
  729  204  147      0.00
  730  205  147      0.00
  731  206  147      0.00
  732  202  148      0.00
  733  203  148      0.00
  734  204  148      0.00
  735  205  148      0.00
  736  206  148      0.00
  737  202  149      0.00
  738  203  149      0.00
  739  204  149      0.00
  740  205  149      0.00
  741  206  149      0.00
  742  202  150      0.00
  743  203  150      0.00
  744  204  150      0.00
  745  205  150      0.00
  746  206  150      0.00
  747  202  151      0.00
  748  203  151      0.00
  749  204  151      0.00
  750  205  151      0.00
  751  206  151      0.00
  752  202  152      0.00
  753  203  152      0.00
  754  204  152      0.00
  755  205  152      0.00
  756  206  152      0.00
  757  202  153      0.00
  758  203  153      0.00
  759  204  153      0.00
  760  205  153      0.00
  761  206  153      0.00
  762  202  154      0.00
  763  203  154      0.00
  764  204  154      0.00
  765  205  154      0.00
  766  206  154      0.00
  767  202  155      0.00
  768  203  155      0.00
  769  204  155      0.00
  770  205  155      0.00
  771  206  155      0.00
  772  202  156      0.00
  773  203  156      0.00
  774  204  156      0.00
  775  205  156      0.00
  776  206  156      0.00
  777  202  157      0.00
  778  203  157      0.00
  779  204  157      0.00
  780  205  157      0.00
  781  206  157      0.00
  782  202  158      0.00
  783  203  158      0.00
  784  204  158      0.00
  785  205  158      0.00
  786  206  158      0.00
  787  202  159      0.00
  788  203  159      0.00
  789  204  159      0.00
  790  205  159      0.00
  791  206  159      0.00
  792  202  160      0.00
  793  203  160      0.00
  794  204  160      0.00
  795  205  160      0.00
  796  206  160      0.00
  797  202  161      0.00
  798  203  161      0.00
  799  204  161      0.00
  800  205  161      0.00
  801  206  161      0.00
  802  202  162      0.00
  803  203  162      0.00
  804  204  162      0.00
  805  205  162      0.00
  806  206  162      0.00
  807  202  163      0.00
  808  203  163      0.00
  809  204  163      0.00
  810  205  163      0.00
  811  206  163      0.00
  812  202  164      0.00
  813  203  164      0.00
  814  204  164      0.00
  815  205  164      0.00
  816  206  164      0.00
  817  202  165      0.00
  818  203  165      0.00
  819  204  165      0.00
  820  205  165      0.00
  821  206  165      0.00
  822  202  166      0.00
  823  203  166      0.00
  824  204  166      0.00
  825  205  166      0.00
  826  206  166      0.00
  827  202  167      0.00
  828  203  167      0.00
  829  204  167      0.00
  830  205  167      0.00
  831  206  167      0.00
  832  202  168      0.00
  833  203  168      0.00
  834  204  168      0.00
  835  205  168      0.00
  836  206  168      0.00
  837  202  169      0.00
  838  203  169      0.00
  839  204  169      0.00
  840  205  169      0.00
  841  206  169      0.00
  842  202  170      0.00
  843  203  170      0.00
  844  204  170      0.00
  845  205  170      0.00
  846  206  170      0.00
  847  202  171      0.00
  848  203  171      0.00
  849  204  171      0.00
  850  205  171      0.00
  851  206  171      0.00
  852  202  172      0.00
  853  203  172      0.00
  854  204  172      0.00
  855  205  172      0.00
  856  206  172      0.00
  857  202  173      0.00
  858  203  173      0.00
  859  204  173      0.00
  860  205  173      0.00
  861  206  173      0.00
  862  202  174      0.00
  863  203  174      0.00
  864  204  174      0.00
  865  205  174      0.00
  866  206  174      0.00
  867  202  175      0.00
  868  203  175      0.00
  869  204  175      0.00
  870  205  175      0.00
  871  206  175      0.00
  872  202  176      0.00
  873  203  176      0.00
  874  204  176      0.00
  875  205  176      0.00
  876  206  176      0.00
  877  202  177      0.00
  878  203  177      0.00
  879  204  177      0.00
  880  205  177      0.00
  881  206  177      0.00
  882  202  178      0.00
  883  203  178      0.00
  884  204  178      0.00
  885  205  178      0.00
  886  206  178      0.00
  887  202  179      0.00
  888  203  179      0.00
  889  204  179      0.00
  890  205  179      0.00
  891  206  179      0.00
  892  202  180      0.00
  893  203  180      0.00
  894  204  180      0.00
  895  205  180      0.00
  896  206  180      0.00
  897  202  181      0.00
  898  203  181      0.00
  899  204  181      0.00
  900  205  181      0.00
  901  206  181      0.00
  902  202  182      0.00
  903  203  182      0.00
  904  204  182      0.00
  905  205  182      0.00
  906  206  182      0.00
  907  202  183      0.00
  908  203  183      0.00
  909  204  183      0.00
  910  205  183      0.00
  911  206  183      0.00
  912  202  184      0.00
  913  203  184      0.00
  914  204  184      0.00
  915  205  184      0.00
  916  206  184      0.00
  917  202  185      0.00
  918  203  185      0.00
  919  204  185      0.00
  920  205  185      0.00
  921  206  185      0.00
  922  202  186      0.00
  923  203  186      0.00
  924  204  186      0.00
  925  205  186      0.00
  926  206  186      0.00
  927  202  187      0.00
  928  203  187      0.00
  929  204  187      0.00
  930  205  187      0.00
  931  206  187      0.00
  932  202  188      0.00
  933  203  188      0.00
  934  204  188      0.00
  935  205  188      0.00
  936  206  188      0.00
  937  202  189      0.00
  938  203  189      0.00
  939  204  189      0.00
  940  205  189      0.00
  941  206  189      0.00
  942  202  190      0.00
  943  203  190      0.00
  944  204  190      0.00
  945  205  190      0.00
  946  206  190      0.00
  947  202  191      0.00
  948  203  191      0.00
  949  204  191      0.00
  950  205  191      0.00
  951  206  191      0.00
  952  202  192      0.00
  953  203  192      0.00
  954  204  192      0.00
  955  205  192      0.00
  956  206  192      0.00
  957  202  193      0.00
  958  203  193      0.00
  959  204  193      0.00
  960  205  193      0.00
  961  206  193      0.00
  962  202  194      0.00
  963  203  194      0.00
  964  204  194      0.00
  965  205  194      0.00
  966  206  194      0.00
  967  202  195      0.00
  968  203  195      0.00
  969  204  195      0.00
  970  205  195      0.00
  971  206  195      0.00
  972  202  196      0.00
  973  203  196      0.00
  974  204  196      0.00
  975  205  196      0.00
  976  206  196      0.00
  977  202  197      0.00
  978  203  197      0.00
  979  204  197      0.00
  980  205  197      0.00
  981  206  197      0.00
  982  202  198      0.00
  983  203  198      0.00
  984  204  198      0.00
  985  205  198      0.00
  986  206  198      0.00
  987  202  199      0.00
  988  203  199      0.00
  989  204  199      0.00
  990  205  199      0.00
  991  206  199      0.00
  992  202  200      0.00
  993  203  200      0.00
  994  204  200      0.00
  995  205  200      0.00
  996  206  200      0.00
  997  202  201      0.00
  998  203  201      0.00
  999  204  201      0.00
 1000  205  201      0.00
 1001  206  201      0.00
 1002  202  202      0.00
 1003  203  202      0.00
 1004  204  202      0.00
 1005  205  202      0.00
 1006  206  202      0.00
 1007  202  203      0.00
 1008  203  203      0.00
 1009  204  203      0.00
 1010  205  203      0.00
 1011  206  203      0.00
 1012  202  204      0.00
 1013  203  204      0.00
 1014  204  204      0.00
 1015  205  204      0.00
 1016  206  204      0.00
 1017  202  205      0.00
 1018  203  205      0.00
 1019  204  205      0.00
 1020  205  205      0.00
 1021  206  205      0.00
 1022  202  206      0.00
 1023  203  206      0.00
 1024  204  206      0.00
 1025  205  206      0.00
 1026  206  206      0.00
 1027  202  207      0.00
 1028  203  207      0.00
 1029  204  207      0.00
 1030  205  207      0.00
 1031  206  207      0.00
 1032  202  208      0.00
 1033  203  208      0.00
 1034  204  208      0.00
 1035  205  208      0.00
 1036  206  208      0.00
 1037  202  209      0.00
 1038  203  209      0.00
 1039  204  209      0.00
 1040  205  209      0.00
 1041  206  209      0.00
 1042  202  210      0.00
 1043  203  210      0.00
 1044  204  210      0.00
 1045  205  210      0.00
 1046  206  210      0.00
 1047  202  211      0.00
 1048  203  211      0.00
 1049  204  211      0.00
 1050  205  211      0.00
 1051  206  211      0.00
 1052  202  212      0.00
 1053  203  212      0.00
 1054  204  212      0.00
 1055  205  212      0.00
 1056  206  212      0.00
 1057  202  213      0.00
 1058  203  213      0.00
 1059  204  213      0.00
 1060  205  213      0.00
 1061  206  213      0.00
 1062  202  214      0.00
 1063  203  214      0.00
 1064  204  214      0.00
 1065  205  214      0.00
 1066  206  214      0.00
 1067  202  215      0.00
 1068  203  215      0.00
 1069  204  215      0.00
 1070  205  215      0.00
 1071  206  215      0.00
 1072  202  216      0.00
 1073  203  216      0.00
 1074  204  216      0.00
 1075  205  216      0.00
 1076  206  216      0.00
 1077  202  217      0.00
 1078  203  217      0.00
 1079  204  217      0.00
 1080  205  217      0.00
 1081  206  217      0.00
 1082  202  218      0.00
 1083  203  218      0.00
 1084  204  218      0.00
 1085  205  218      0.00
 1086  206  218      0.00
 1087  202  219      0.00
 1088  203  219      0.00
 1089  204  219      0.00
 1090  205  219      0.00
 1091  206  219      0.00
 1092  202  220      0.00
 1093  203  220      0.00
 1094  204  220      0.00
 1095  205  220      0.00
 1096  206  220      0.00
 1097  202  221      0.00
 1098  203  221      0.00
 1099  204  221      0.00
 1100  205  221      0.00
 1101  206  221      0.00
 1102  202  222      0.00
 1103  203  222      0.00
 1104  204  222      0.00
 1105  205  222      0.00
 1106  206  222      0.00
 1107  202  223      0.00
 1108  203  223      0.00
 1109  204  223      0.00
 1110  205  223      0.00
 1111  206  223      0.00
 1112  202  224      0.00
 1113  203  224      0.00
 1114  204  224      0.00
 1115  205  224      0.00
 1116  206  224      0.00
 1117  202  225      0.00
 1118  203  225      0.00
 1119  204  225      0.00
 1120  205  225      0.00
 1121  206  225      0.00
 1122  202  226      0.00
 1123  203  226      0.00
 1124  204  226      0.00
 1125  205  226      0.00
 1126  206  226      0.00
 1127  202  227      0.00
 1128  203  227      0.00
 1129  204  227      0.00
 1130  205  227      0.00
 1131  206  227      0.00
 1132  202  228      0.00
 1133  203  228      0.00
 1134  204  228      0.00
 1135  205  228      0.00
 1136  206  228      0.00
 1137  202  229      0.00
 1138  203  229      0.00
 1139  204  229      0.00
 1140  205  229      0.00
 1141  206  229      0.00
 1142  202  230      0.00
 1143  203  230      0.00
 1144  204  230      0.00
 1145  205  230      0.00
 1146  206  230      0.00
 1147  202  231      0.00
 1148  203  231      0.00
 1149  204  231      0.00
 1150  205  231      0.00
 1151  206  231      0.00
 1152  202  232      0.00
 1153  203  232      0.00
 1154  204  232      0.00
 1155  205  232      0.00
 1156  206  232      0.00
 1157  202  233      0.00
 1158  203  233      0.00
 1159  204  233      0.00
 1160  205  233      0.00
 1161  206  233      0.00
 1162  202  234      0.00
 1163  203  234      0.00
 1164  204  234      0.00
 1165  205  234      0.00
 1166  206  234      0.00
 1167  202  235      0.00
 1168  203  235      0.00
 1169  204  235      0.00
 1170  205  235      0.00
 1171  206  235      0.00
 1172  202  236      0.00
 1173  203  236      0.00
 1174  204  236      0.00
 1175  205  236      0.00
 1176  206  236      0.00
 1177  202  237      0.00
 1178  203  237      0.00
 1179  204  237      0.00
 1180  205  237      0.00
 1181  206  237      0.00
 1182  202  238      0.00
 1183  203  238      0.00
 1184  204  238      0.00
 1185  205  238      0.00
 1186  206  238      0.00
 1187  202  239      0.00
 1188  203  239      0.00
 1189  204  239      0.00
 1190  205  239      0.00
 1191  206  239      0.00
 1192  202  240      0.00
 1193  203  240      0.00
 1194  204  240      0.00
 1195  205  240      0.00
 1196  206  240      0.00
 1197  202  241      0.00
 1198  203  241      0.00
 1199  204  241      0.00
 1200  205  241      0.00
 1201  206  241      0.00
 1202  202  242      0.00
 1203  203  242      0.00
 1204  204  242      0.00
 1205  205  242      0.00
 1206  206  242      0.00
 1207  202  243      0.00
 1208  203  243      0.00
 1209  204  243      0.00
 1210  205  243      0.00
 1211  206  243      0.00
 1212  202  244      0.00
 1213  203  244      0.00
 1214  204  244      0.00
 1215  205  244      0.00
 1216  206  244      0.00
 1217  202  245      0.00
 1218  203  245      0.00
 1219  204  245      0.00
 1220  205  245      0.00
 1221  206  245      0.00
 1222  202  246      0.00
 1223  203  246      0.00
 1224  204  246      0.00
 1225  205  246      0.00
 1226  206  246      0.00
 1227  202  247      0.00
 1228  203  247      0.00
 1229  204  247      0.00
 1230  205  247      0.00
 1231  206  247      0.00
 1232  202  248      0.00
 1233  203  248      0.00
 1234  204  248      0.00
 1235  205  248      0.00
 1236  206  248      0.00
 1237  202  249      0.00
 1238  203  249      0.00
 1239  204  249      0.00
 1240  205  249      0.00
 1241  206  249      0.00
 1242  202  250      0.00
 1243  203  250      0.00
 1244  204  250      0.00
 1245  205  250      0.00
 1246  206  250      0.00
 1247  202  251      0.00
 1248  203  251      0.00
 1249  204  251      0.00
 1250  205  251      0.00
 1251  206  251      0.00
 1252  202  252      0.00
 1253  203  252      0.00
 1254  204  252      0.00
 1255  205  252      0.00
 1256  206  252      0.00
 1257  202  253      0.00
 1258  203  253      0.00
 1259  204  253      0.00
 1260  205  253      0.00
 1261  206  253      0.00
 1262  202  254      0.00
 1263  203  254      0.00
 1264  204  254      0.00
 1265  205  254      0.00
 1266  206  254      0.00
 1267  202  255      0.00
 1268  203  255      0.00
 1269  204  255      0.00
 1270  205  255      0.00
 1271  206  255      0.00
 1272  202  256      0.00
 1273  203  256      0.00
 1274  204  256      0.00
 1275  205  256      0.00
 1276  206  256      0.00
 1277  202  257      0.00
 1278  203  257      0.00
 1279  204  257      0.00
 1280  205  257      0.00
 1281  206  257      0.00
 1282  202  258      0.00
 1283  203  258      0.00
 1284  204  258      0.00
 1285  205  258      0.00
 1286  206  258      0.00
 1287  202  259      0.00
 1288  203  259      0.00
 1289  204  259      0.00
 1290  205  259      0.00
 1291  206  259      0.00
 1292  202  260      0.00
 1293  203  260      0.00
 1294  204  260      0.00
 1295  205  260      0.00
 1296  206  260      0.00
 1297  202  261      0.00
 1298  203  261      0.00
 1299  204  261      0.00
 1300  205  261      0.00
 1301  206  261      0.00
 1302  202  262      0.00
 1303  203  262      0.00
 1304  204  262      0.00
 1305  205  262      0.00
 1306  206  262      0.00
 1307  202  263      0.00
 1308  203  263      0.00
 1309  204  263      0.00
 1310  205  263      0.00
 1311  206  263      0.00
 1312  202  264      0.00
 1313  203  264      0.00
 1314  204  264      0.00
 1315  205  264      0.00
 1316  206  264      0.00
 1317  202  265      0.00
 1318  203  265      0.00
 1319  204  265      0.00
 1320  205  265      0.00
 1321  206  265      0.00
 1322  202  266      0.00
 1323  203  266      0.00
 1324  204  266      0.00
 1325  205  266      0.00
 1326  206  266      0.00
 1327  202  267      0.00
 1328  203  267      0.00
 1329  204  267      0.00
 1330  205  267      0.00
 1331  206  267      0.00
 1332  202  268      0.00
 1333  203  268      0.00
 1334  204  268      0.00
 1335  205  268      0.00
 1336  206  268      0.00
 1337  202  269      0.00
 1338  203  269      0.00
 1339  204  269      0.00
 1340  205  269      0.00
 1341  206  269      0.00
 1342  202  270      0.00
 1343  203  270      0.00
 1344  204  270      0.00
 1345  205  270      0.00
 1346  206  270      0.00
 1347  202  271      0.00
 1348  203  271      0.00
 1349  204  271      0.00
 1350  205  271      0.00
 1351  206  271      0.00
 1352  202  272      0.00
 1353  203  272      0.00
 1354  204  272      0.00
 1355  205  272      0.00
 1356  206  272      0.00
 1357  202  273      0.00
 1358  203  273      0.00
 1359  204  273      0.00
 1360  205  273      0.00
 1361  206  273      0.00
 1362  202  274      0.00
 1363  203  274      0.00
 1364  204  274      0.00
 1365  205  274      0.00
 1366  206  274      0.00
 1367  202  275      0.00
 1368  203  275      0.00
 1369  204  275      0.00
 1370  205  275      0.00
 1371  206  275      0.00
 1372  202  276      0.00
 1373  203  276      0.00
 1374  204  276      0.00
 1375  205  276      0.00
 1376  206  276      0.00
 1377  202  277      0.00
 1378  203  277      0.00
 1379  204  277      0.00
 1380  205  277      0.00
 1381  206  277      0.00
 1382  202  278      0.00
 1383  203  278      0.00
 1384  204  278      0.00
 1385  205  278      0.00
 1386  206  278      0.00
 1387  202  279      0.00
 1388  203  279      0.00
 1389  204  279      0.00
 1390  205  279      0.00
 1391  206  279      0.00
 1392  202  280      0.00
 1393  203  280      0.00
 1394  204  280      0.00
 1395  205  280      0.00
 1396  206  280      0.00
 1397  202  281      0.00
 1398  203  281      0.00
 1399  204  281      0.00
 1400  205  281      0.00
 1401  206  281      0.00
 1402  202  282      0.00
 1403  203  282      0.00
 1404  204  282      0.00
 1405  205  282      0.00
 1406  206  282      0.00
 1407  202  283      0.00
 1408  203  283      0.00
 1409  204  283      0.00
 1410  205  283      0.00
 1411  206  283      0.00
 1412  202  284      0.00
 1413  203  284      0.00
 1414  204  284      0.00
 1415  205  284      0.00
 1416  206  284      0.00
 1417  202  285      0.00
 1418  203  285      0.00
 1419  204  285      0.00
 1420  205  285      0.00
 1421  206  285      0.00
 1422  202  286      0.00
 1423  203  286      0.00
 1424  204  286      0.00
 1425  205  286      0.00
 1426  206  286      0.00
 1427  202  287      0.00
 1428  203  287      0.00
 1429  204  287      0.00
 1430  205  287      0.00
 1431  206  287      0.00
 1432  202  288      0.00
 1433  203  288      0.00
 1434  204  288      0.00
 1435  205  288      0.00
 1436  206  288      0.00
 1437  202  289      0.00
 1438  203  289      0.00
 1439  204  289      0.00
 1440  205  289      0.00
 1441  206  289      0.00
 1442  202  290      0.00
 1443  203  290      0.00
 1444  204  290      0.00
 1445  205  290      0.00
 1446  206  290      0.00
 1447  263  290      0.00
 1448  202  291      0.00
 1449  203  291      0.00
 1450  204  291      0.00
 1451  205  291      0.00
 1452  206  291      0.00
 1453  263  291      0.00
 1454  202  292      0.00
 1455  203  292      0.00
 1456  204  292      0.00
 1457  205  292      0.00
 1458  206  292      0.00
 1459  263  292      0.00
 1460  202  293      0.00
 1461  203  293      0.00
 1462  204  293      0.00
 1463  205  293      0.00
 1464  206  293      0.00
 1465  263  293      0.00
 1466  202  294      0.00
 1467  203  294      0.00
 1468  204  294      0.00
 1469  205  294      0.00
 1470  206  294      0.00
 1471  263  294      0.00
 1472  202  295      0.00
 1473  203  295      0.00
 1474  204  295      0.00
 1475  205  295      0.00
 1476  206  295      0.00
 1477  263  295      0.00
 1478  202  296      0.00
 1479  203  296      0.00
 1480  204  296      0.00
 1481  205  296      0.00
 1482  206  296      0.00
 1483  263  296      0.00
 1484  202  297      0.00
 1485  203  297      0.00
 1486  204  297      0.00
 1487  205  297      0.00
 1488  206  297      0.00
 1489  263  297      0.00
 1490  202  298      0.00
 1491  203  298      0.00
 1492  204  298      0.00
 1493  205  298      0.00
 1494  206  298      0.00
 1495  263  298      0.00
 1496  202  299      0.00
 1497  203  299      0.00
 1498  204  299      0.00
 1499  205  299      0.00
 1500  206  299      0.00
 1501  263  299      0.00
 1502  202  300      0.00
 1503  203  300      0.00
 1504  204  300      0.00
 1505  205  300      0.00
 1506  206  300      0.00
 1507  263  300      0.00
 1508  202  301      0.00
 1509  203  301      0.00
 1510  204  301      0.00
 1511  205  301      0.00
 1512  206  301      0.00
 1513  263  301      0.00
 1514  202  302      0.00
 1515  203  302      0.00
 1516  204  302      0.00
 1517  205  302      0.00
 1518  206  302      0.00
 1519  263  302      0.00
 1520  202  303      0.00
 1521  203  303      0.00
 1522  204  303      0.00
 1523  205  303      0.00
 1524  206  303      0.00
 1525  263  303      0.00
 1526  202  304      0.00
 1527  203  304      0.00
 1528  204  304      0.00
 1529  205  304      0.00
 1530  206  304      0.00
 1531  263  304      0.00
 1532  202  305      0.00
 1533  203  305      0.00
 1534  204  305      0.00
 1535  205  305      0.00
 1536  206  305      0.00
 1537  263  305      0.00
 1538  202  306      0.00
 1539  203  306      0.00
 1540  204  306      0.00
 1541  205  306      0.00
 1542  206  306      0.00
 1543  263  306      0.00
 1544  202  307      0.00
 1545  203  307      0.00
 1546  204  307      0.00
 1547  205  307      0.00
 1548  206  307      0.00
 1549  263  307      0.00
 1550  202  308      0.00
 1551  203  308      0.00
 1552  204  308      0.00
 1553  205  308      0.00
 1554  206  308      0.00
 1555  263  308      0.00
 1556  202  309      0.00
 1557  203  309      0.00
 1558  204  309      0.00
 1559  205  309      0.00
 1560  206  309      0.00
 1561  263  309      0.00
 1562  202  310      0.00
 1563  203  310      0.00
 1564  204  310      0.00
 1565  205  310      0.00
 1566  206  310      0.00
 1567  263  310      0.00
 1568  202  311      0.00
 1569  203  311      0.00
 1570  204  311      0.00
 1571  205  311      0.00
 1572  206  311      0.00
 1573  263  311      0.00
 1574  202  312      0.00
 1575  203  312      0.00
 1576  204  312      0.00
 1577  205  312      0.00
 1578  206  312      0.00
 1579  263  312      0.00
 1580  202  313      0.00
 1581  203  313      0.00
 1582  204  313      0.00
 1583  205  313      0.00
 1584  206  313      0.00
 1585  263  313      0.00
 1586  202  314      0.00
 1587  203  314      0.00
 1588  204  314      0.00
 1589  205  314      0.00
 1590  206  314      0.00
 1591  263  314      0.00
 1592  202  315      0.00
 1593  203  315      0.00
 1594  204  315      0.00
 1595  205  315      0.00
 1596  206  315      0.00
 1597  263  315      0.00
 1598  202  316      0.00
 1599  203  316      0.00
 1600  204  316      0.00
 1601  205  316      0.00
 1602  206  316      0.00
 1603  263  316      0.00
 1604  202  317      0.00
 1605  203  317      0.00
 1606  204  317      0.00
 1607  205  317      0.00
 1608  206  317      0.00
 1609  263  317      0.00
 1610  202  318      0.00
 1611  203  318      0.00
 1612  204  318      0.00
 1613  205  318      0.00
 1614  206  318      0.00
 1615  263  318      0.00
 1616  202  319      0.00
 1617  203  319      0.00
 1618  204  319      0.00
 1619  205  319      0.00
 1620  206  319      0.00
 1621  263  319      0.00
 1622  202  320      0.00
 1623  203  320      0.00
 1624  204  320      0.00
 1625  205  320      0.00
 1626  206  320      0.00
 1627  263  320      0.00
 1628  202  321      0.00
 1629  203  321      0.00
 1630  204  321      0.00
 1631  205  321      0.00
 1632  206  321      0.00
 1633  263  321      0.00
 1634  202  322      0.00
 1635  203  322      0.00
 1636  204  322      0.00
 1637  205  322      0.00
 1638  206  322      0.00
 1639  263  322      0.00
 1640  202  323      0.00
 1641  203  323      0.00
 1642  204  323      0.00
 1643  205  323      0.00
 1644  206  323      0.00
 1645  263  323      0.00
 1646  202  324      0.00
 1647  203  324      0.00
 1648  204  324      0.00
 1649  205  324      0.00
 1650  206  324      0.00
 1651  263  324      0.00
 1652  202  325      0.00
 1653  203  325      0.00
 1654  204  325      0.00
 1655  205  325      0.00
 1656  206  325      0.00
 1657  263  325      0.00
 1658  202  326      0.00
 1659  203  326      0.00
 1660  204  326      0.00
 1661  205  326      0.00
 1662  206  326      0.00
 1663  263  326      0.00
 1664  202  327      0.00
 1665  203  327      0.00
 1666  204  327      0.00
 1667  205  327      0.00
 1668  206  327      0.00
 1669  263  327      0.00
 1670  202  328      0.00
 1671  203  328      0.00
 1672  204  328      0.00
 1673  205  328      0.00
 1674  206  328      0.00
 1675  263  328      0.00
 1676  202  329      0.00
 1677  203  329      0.00
 1678  204  329      0.00
 1679  205  329      0.00
 1680  206  329      0.00
 1681  263  329      0.00
 1682  202  330      0.00
 1683  203  330      0.00
 1684  204  330      0.00
 1685  205  330      0.00
 1686  206  330      0.00
 1687  263  330      0.00
 1688  202  331      0.00
 1689  203  331      0.00
 1690  204  331      0.00
 1691  205  331      0.00
 1692  206  331      0.00
 1693  263  331      0.00
 1694  202  332      0.00
 1695  203  332      0.00
 1696  204  332      0.00
 1697  205  332      0.00
 1698  206  332      0.00
 1699  263  332      0.00
 1700  202  333      0.00
 1701  203  333      0.00
 1702  204  333      0.00
 1703  205  333      0.00
 1704  206  333      0.00
 1705  263  333      0.00
 1706  202  334      0.00
 1707  203  334      0.00
 1708  204  334      0.00
 1709  205  334      0.00
 1710  206  334      0.00
 1711  263  334      0.00
 1712  202  335      0.00
 1713  203  335      0.00
 1714  204  335      0.00
 1715  205  335      0.00
 1716  206  335      0.00
 1717  263  335      0.00
 1718  202  336      0.00
 1719  203  336      0.00
 1720  204  336      0.00
 1721  205  336      0.00
 1722  206  336      0.00
 1723  263  336      0.00
 1724  202  337      0.00
 1725  203  337      0.00
 1726  204  337      0.00
 1727  205  337      0.00
 1728  206  337      0.00
 1729  263  337      0.00
 1730  202  338      0.00
 1731  203  338      0.00
 1732  204  338      0.00
 1733  205  338      0.00
 1734  206  338      0.00
 1735  263  338      0.00
 1736  202  339      0.00
 1737  203  339      0.00
 1738  204  339      0.00
 1739  205  339      0.00
 1740  206  339      0.00
 1741  263  339      0.00
 1742  202  340      0.00
 1743  203  340      0.00
 1744  204  340      0.00
 1745  205  340      0.00
 1746  206  340      0.00
 1747  263  340      0.00
 1748  202  341      0.00
 1749  203  341      0.00
 1750  204  341      0.00
 1751  205  341      0.00
 1752  206  341      0.00
 1753  263  341      0.00
 1754  202  342      0.00
 1755  203  342      0.00
 1756  204  342      0.00
 1757  205  342      0.00
 1758  206  342      0.00
 1759  263  342      0.00
 1760  202  343      0.00
 1761  203  343      0.00
 1762  204  343      0.00
 1763  205  343      0.00
 1764  206  343      0.00
 1765  263  343      0.00
 1766  202  344      0.00
 1767  203  344      0.00
 1768  204  344      0.00
 1769  205  344      0.00
 1770  206  344      0.00
 1771  263  344      0.00
 1772  202  345      0.00
 1773  203  345      0.00
 1774  204  345      0.00
 1775  205  345      0.00
 1776  206  345      0.00
 1777  263  345      0.00
 1778  202  346      0.00
 1779  203  346      0.00
 1780  204  346      0.00
 1781  205  346      0.00
 1782  206  346      0.00
 1783  263  346      0.00
 1784  202  347      0.00
 1785  203  347      0.00
 1786  204  347      0.00
 1787  205  347      0.00
 1788  206  347      0.00
 1789  263  347      0.00
 1790  202  348      0.00
 1791  203  348      0.00
 1792  204  348      0.00
 1793  205  348      0.00
 1794  206  348      0.00
 1795  263  348      0.00
 1796  202  349      0.00
 1797  203  349      0.00
 1798  204  349      0.00
 1799  205  349      0.00
 1800  206  349      0.00
 1801  263  349      0.00
 1802  202  350      0.00
 1803  203  350      0.00
 1804  204  350      0.00
 1805  205  350      0.00
 1806  206  350      0.00
 1807  263  350      0.00
 1808  202  351      0.00
 1809  203  351      0.00
 1810  204  351      0.00
 1811  205  351      0.00
 1812  206  351      0.00
 1813  263  351      0.00
 1814  202  352      0.00
 1815  203  352      0.00
 1816  204  352      0.00
 1817  205  352      0.00
 1818  206  352      0.00
 1819  263  352      0.00
 1820  202  353      0.00
 1821  203  353      0.00
 1822  204  353      0.00
 1823  205  353      0.00
 1824  206  353      0.00
 1825  263  353      0.00
 1826  202  354      0.00
 1827  203  354      0.00
 1828  204  354      0.00
 1829  205  354      0.00
 1830  206  354      0.00
 1831  263  354      0.00
 1832  202  355      0.00
 1833  203  355      0.00
 1834  204  355      0.00
 1835  205  355      0.00
 1836  206  355      0.00
 1837  263  355      0.00
 1838  202  356      0.00
 1839  203  356      0.00
 1840  204  356      0.00
 1841  205  356      0.00
 1842  206  356      0.00
 1843  263  356      0.00
 1844  202  357      0.00
 1845  203  357      0.00
 1846  204  357      0.00
 1847  205  357      0.00
 1848  206  357      0.00
 1849  263  357      0.00
 1850  202  358      0.00
 1851  203  358      0.00
 1852  204  358      0.00
 1853  205  358      0.00
 1854  206  358      0.00
 1855  207  358      0.00
 1856  208  358      0.00
 1857  209  358      0.00
 1858  210  358      0.00
 1859  211  358      0.00
 1860  212  358      0.00
 1861  213  358      0.00
 1862  214  358      0.00
 1863  215  358      0.00
 1864  216  358      0.00
 1865  217  358      0.00
 1866  218  358      0.00
 1867  219  358      0.00
 1868  220  358      0.00
 1869  221  358      0.00
 1870  222  358      0.00
 1871  223  358      0.00
 1872  224  358      0.00
 1873  225  358      0.00
 1874  226  358      0.00
 1875  227  358      0.00
 1876  228  358      0.00
 1877  229  358      0.00
 1878  230  358      0.00
 1879  231  358      0.00
 1880  232  358      0.00
 1881  233  358      0.00
 1882  234  358      0.00
 1883  235  358      0.00
 1884  236  358      0.00
 1885  237  358      0.00
 1886  238  358      0.00
 1887  239  358      0.00
 1888  240  358      0.00
 1889  241  358      0.00
 1890  242  358      0.00
 1891  243  358      0.00
 1892  244  358      0.00
 1893  245  358      0.00
 1894  246  358      0.00
 1895  247  358      0.00
 1896  248  358      0.00
 1897  249  358      0.00
 1898  250  358      0.00
 1899  251  358      0.00
 1900  252  358      0.00
 1901  253  358      0.00
 1902  254  358      0.00
 1903  255  358      0.00
 1904  256  358      0.00
 1905  257  358      0.00
 1906  258  358      0.00
 1907  259  358      0.00
 1908  260  358      0.00
 1909  261  358      0.00
 1910  262  358      0.00
 1911  263  358      0.00
 1912  264  358      0.00
 1913  265  358      0.00
 1914  266  358      0.00
 1915  267  358      0.00
 1916  268  358      0.00
 1917  269  358      0.00
 1918  270  358      0.00
 1919  271  358      0.00
 1920  272  358      0.00
 1921  273  358      0.00
 1922  274  358      0.00
 1923  275  358      0.00
 1924  276  358      0.00
 1925  277  358      0.00
 1926  278  358      0.00
 1927  279  358      0.00
 1928  280  358      0.00
 1929  281  358      0.00
 1930  282  358      0.00
 1931  283  358      0.00
 1932  284  358      0.00
 1933  285  358      0.00
 1934  286  358      0.00
 1935  287  358      0.00
 1936  288  358      0.00
 1937  289  358      0.00
 1938  290  358      0.00
 1939  291  358      0.00
 1940  292  358      0.00
 1941  293  358      0.00
 1942  294  358      0.00
 1943  295  358      0.00
 1944  296  358      0.00
 1945  297  358      0.00
 1946  298  358      0.00
 1947  299  358      0.00
 1948  300  358      0.00
 1949  301  358      0.00
 1950  302  358      0.00
 1951  303  358      0.00
 1952  304  358      0.00
 1953  305  358      0.00
 1954  306  358      0.00
 1955  307  358      0.00
 1956  308  358      0.00
 1957  309  358      0.00
 1958  310  358      0.00
 1959  311  358      0.00
 1960  312  358      0.00
 1961  313  358      0.00
 1962  314  358      0.00
 1963  315  358      0.00
 1964  316  358      0.00
 1965  317  358      0.00
 1966  318  358      0.00
 1967  319  358      0.00
 1968  320  358      0.00
 1969  321  358      0.00
 1970  322  358      0.00
 1971  323  358      0.00
 1972  324  358      0.00
 1973  325  358      0.00
 1974  326  358      0.00
 1975  327  358      0.00
 1976  328  358      0.00
 1977  329  358      0.00
 1978  330  358      0.00
 1979  331  358      0.00
 1980  332  358      0.00
 1981  333  358      0.00
 1982  334  358      0.00
 1983  335  358      0.00
 1984  336  358      0.00
 1985  337  358      0.00
 1986  338  358      0.00
 1987  339  358      0.00
 1988  340  358      0.00
 1989  341  358      0.00
 1990  342  358      0.00
 1991  343  358      0.00
 1992  344  358      0.00
 1993  345  358      0.00
 1994  346  358      0.00
 1995  347  358      0.00
 1996  348  358      0.00
 1997  349  358      0.00
 1998  350  358      0.00
 1999  351  358      0.00
 2000  352  358      0.00
 2001  353  358      0.00
 2002  354  358      0.00
 2003  355  358      0.00
 2004  356  358      0.00
 2005  357  358      0.00
 2006  358  358      0.00
 2007  359  358      0.00
 2008  360  358      0.00
 2009  361  358      0.00
 2010  362  358      0.00
 2011  363  358      0.00
 2012  364  358      0.00
 2013  365  358      0.00
 2014  366  358      0.00
 2015  367  358      0.00
 2016  368  358      0.00
 2017  369  358      0.00
 2018  370  358      0.00
 2019  371  358      0.00
 2020  372  358      0.00
 2021  373  358      0.00
 2022  374  358      0.00
 2023  375  358      0.00
 2024  376  358      0.00
 2025  377  358      0.00
 2026  378  358      0.00
 2027  379  358      0.00
 2028  380  358      0.00
 2029  381  358      0.00
 2030  382  358      0.00
 2031  383  358      0.00
 2032  384  358      0.00
 2033  385  358      0.00
 2034  386  358      0.00
 2035  387  358      0.00
 2036  388  358      0.00
 2037  202  359      0.00
 2038  203  359      0.00
 2039  204  359      0.00
 2040  205  359      0.00
 2041  206  359      0.00
 2042  207  359      0.00
 2043  208  359      0.00
 2044  209  359      0.00
 2045  210  359      0.00
 2046  211  359      0.00
 2047  212  359      0.00
 2048  213  359      0.00
 2049  214  359      0.00
 2050  215  359      0.00
 2051  216  359      0.00
 2052  217  359      0.00
 2053  218  359      0.00
 2054  219  359      0.00
 2055  220  359      0.00
 2056  221  359      0.00
 2057  222  359      0.00
 2058  223  359      0.00
 2059  224  359      0.00
 2060  225  359      0.00
 2061  226  359      0.00
 2062  227  359      0.00
 2063  228  359      0.00
 2064  229  359      0.00
 2065  230  359      0.00
 2066  231  359      0.00
 2067  232  359      0.00
 2068  233  359      0.00
 2069  234  359      0.00
 2070  235  359      0.00
 2071  236  359      0.00
 2072  237  359      0.00
 2073  238  359      0.00
 2074  239  359      0.00
 2075  240  359      0.00
 2076  241  359      0.00
 2077  242  359      0.00
 2078  243  359      0.00
 2079  244  359      0.00
 2080  245  359      0.00
 2081  246  359      0.00
 2082  247  359      0.00
 2083  248  359      0.00
 2084  249  359      0.00
 2085  250  359      0.00
 2086  251  359      0.00
 2087  252  359      0.00
 2088  253  359      0.00
 2089  254  359      0.00
 2090  255  359      0.00
 2091  256  359      0.00
 2092  257  359      0.00
 2093  258  359      0.00
 2094  259  359      0.00
 2095  260  359      0.00
 2096  261  359      0.00
 2097  262  359      0.00
 2098  263  359      0.00
 2099  264  359      0.00
 2100  265  359      0.00
 2101  266  359      0.00
 2102  267  359      0.00
 2103  268  359      0.00
 2104  269  359      0.00
 2105  270  359      0.00
 2106  271  359      0.00
 2107  272  359      0.00
 2108  273  359      0.00
 2109  274  359      0.00
 2110  275  359      0.00
 2111  276  359      0.00
 2112  277  359      0.00
 2113  278  359      0.00
 2114  279  359      0.00
 2115  280  359      0.00
 2116  281  359      0.00
 2117  282  359      0.00
 2118  283  359      0.00
 2119  284  359      0.00
 2120  285  359      0.00
 2121  286  359      0.00
 2122  287  359      0.00
 2123  288  359      0.00
 2124  289  359      0.00
 2125  290  359      0.00
 2126  291  359      0.00
 2127  292  359      0.00
 2128  293  359      0.00
 2129  294  359      0.00
 2130  295  359      0.00
 2131  296  359      0.00
 2132  297  359      0.00
 2133  298  359      0.00
 2134  299  359      0.00
 2135  300  359      0.00
 2136  301  359      0.00
 2137  302  359      0.00
 2138  303  359      0.00
 2139  304  359      0.00
 2140  305  359      0.00
 2141  306  359      0.00
 2142  307  359      0.00
 2143  308  359      0.00
 2144  309  359      0.00
 2145  310  359      0.00
 2146  311  359      0.00
 2147  312  359      0.00
 2148  313  359      0.00
 2149  314  359      0.00
 2150  315  359      0.00
 2151  316  359      0.00
 2152  317  359      0.00
 2153  318  359      0.00
 2154  319  359      0.00
 2155  320  359      0.00
 2156  321  359      0.00
 2157  322  359      0.00
 2158  323  359      0.00
 2159  324  359      0.00
 2160  325  359      0.00
 2161  326  359      0.00
 2162  327  359      0.00
 2163  328  359      0.00
 2164  329  359      0.00
 2165  330  359      0.00
 2166  331  359      0.00
 2167  332  359      0.00
 2168  333  359      0.00
 2169  334  359      0.00
 2170  335  359      0.00
 2171  336  359      0.00
 2172  337  359      0.00
 2173  338  359      0.00
 2174  339  359      0.00
 2175  340  359      0.00
 2176  341  359      0.00
 2177  342  359      0.00
 2178  343  359      0.00
 2179  344  359      0.00
 2180  345  359      0.00
 2181  346  359      0.00
 2182  347  359      0.00
 2183  348  359      0.00
 2184  349  359      0.00
 2185  350  359      0.00
 2186  351  359      0.00
 2187  352  359      0.00
 2188  353  359      0.00
 2189  354  359      0.00
 2190  355  359      0.00
 2191  356  359      0.00
 2192  357  359      0.00
 2193  358  359      0.00
 2194  359  359      0.00
 2195  360  359      0.00
 2196  361  359      0.00
 2197  362  359      0.00
 2198  363  359      0.00
 2199  364  359      0.00
 2200  365  359      0.00
 2201  366  359      0.00
 2202  367  359      0.00
 2203  368  359      0.00
 2204  369  359      0.00
 2205  370  359      0.00
 2206  371  359      0.00
 2207  372  359      0.00
 2208  373  359      0.00
 2209  374  359      0.00
 2210  375  359      0.00
 2211  376  359      0.00
 2212  377  359      0.00
 2213  378  359      0.00
 2214  379  359      0.00
 2215  380  359      0.00
 2216  381  359      0.00
 2217  382  359      0.00
 2218  383  359      0.00
 2219  384  359      0.00
 2220  385  359      0.00
 2221  386  359      0.00
 2222  387  359      0.00
 2223  388  359      0.00
 2224  202  360      0.00
 2225  203  360      0.00
 2226  204  360      0.00
 2227  205  360      0.00
 2228  206  360      0.00
 2229  207  360      0.00
 2230  208  360      0.00
 2231  209  360      0.00
 2232  210  360      0.00
 2233  211  360      0.00
 2234  212  360      0.00
 2235  213  360      0.00
 2236  214  360      0.00
 2237  215  360      0.00
 2238  216  360      0.00
 2239  217  360      0.00
 2240  218  360      0.00
 2241  219  360      0.00
 2242  220  360      0.00
 2243  221  360      0.00
 2244  222  360      0.00
 2245  223  360      0.00
 2246  224  360      0.00
 2247  225  360      0.00
 2248  226  360      0.00
 2249  227  360      0.00
 2250  228  360      0.00
 2251  229  360      0.00
 2252  230  360      0.00
 2253  231  360      0.00
 2254  232  360      0.00
 2255  233  360      0.00
 2256  234  360      0.00
 2257  235  360      0.00
 2258  236  360      0.00
 2259  237  360      0.00
 2260  238  360      0.00
 2261  239  360      0.00
 2262  240  360      0.00
 2263  241  360      0.00
 2264  242  360      0.00
 2265  243  360      0.00
 2266  244  360      0.00
 2267  245  360      0.00
 2268  246  360      0.00
 2269  247  360      0.00
 2270  248  360      0.00
 2271  249  360      0.00
 2272  250  360      0.00
 2273  251  360      0.00
 2274  252  360      0.00
 2275  253  360      0.00
 2276  254  360      0.00
 2277  255  360      0.00
 2278  256  360      0.00
 2279  257  360      0.00
 2280  258  360      0.00
 2281  259  360      0.00
 2282  260  360      0.00
 2283  261  360      0.00
 2284  262  360      0.00
 2285  263  360      0.00
 2286  264  360      0.00
 2287  265  360      0.00
 2288  266  360      0.00
 2289  267  360      0.00
 2290  268  360      0.00
 2291  269  360      0.00
 2292  270  360      0.00
 2293  271  360      0.00
 2294  272  360      0.00
 2295  273  360      0.00
 2296  274  360      0.00
 2297  275  360      0.00
 2298  276  360      0.00
 2299  277  360      0.00
 2300  278  360      0.00
 2301  279  360      0.00
 2302  280  360      0.00
 2303  281  360      0.00
 2304  282  360      0.00
 2305  283  360      0.00
 2306  284  360      0.00
 2307  285  360      0.00
 2308  286  360      0.00
 2309  287  360      0.00
 2310  288  360      0.00
 2311  289  360      0.00
 2312  290  360      0.00
 2313  291  360      0.00
 2314  292  360      0.00
 2315  293  360      0.00
 2316  294  360      0.00
 2317  295  360      0.00
 2318  296  360      0.00
 2319  297  360      0.00
 2320  298  360      0.00
 2321  299  360      0.00
 2322  300  360      0.00
 2323  301  360      0.00
 2324  302  360      0.00
 2325  303  360      0.00
 2326  304  360      0.00
 2327  305  360      0.00
 2328  306  360      0.00
 2329  307  360      0.00
 2330  308  360      0.00
 2331  309  360      0.00
 2332  310  360      0.00
 2333  311  360      0.00
 2334  312  360      0.00
 2335  313  360      0.00
 2336  314  360      0.00
 2337  315  360      0.00
 2338  316  360      0.00
 2339  317  360      0.00
 2340  318  360      0.00
 2341  319  360      0.00
 2342  320  360      0.00
 2343  321  360      0.00
 2344  322  360      0.00
 2345  323  360      0.00
 2346  324  360      0.00
 2347  325  360      0.00
 2348  326  360      0.00
 2349  327  360      0.00
 2350  328  360      0.00
 2351  329  360      0.00
 2352  330  360      0.00
 2353  331  360      0.00
 2354  332  360      0.00
 2355  333  360      0.00
 2356  334  360      0.00
 2357  335  360      0.00
 2358  336  360      0.00
 2359  337  360      0.00
 2360  338  360      0.00
 2361  339  360      0.00
 2362  340  360      0.00
 2363  341  360      0.00
 2364  342  360      0.00
 2365  343  360      0.00
 2366  344  360      0.00
 2367  345  360      0.00
 2368  346  360      0.00
 2369  347  360      0.00
 2370  348  360      0.00
 2371  349  360      0.00
 2372  350  360      0.00
 2373  351  360      0.00
 2374  352  360      0.00
 2375  353  360      0.00
 2376  354  360      0.00
 2377  355  360      0.00
 2378  356  360      0.00
 2379  357  360      0.00
 2380  358  360      0.00
 2381  359  360      0.00
 2382  360  360      0.00
 2383  361  360      0.00
 2384  362  360      0.00
 2385  363  360      0.00
 2386  364  360      0.00
 2387  365  360      0.00
 2388  366  360      0.00
 2389  367  360      0.00
 2390  368  360      0.00
 2391  369  360      0.00
 2392  370  360      0.00
 2393  371  360      0.00
 2394  372  360      0.00
 2395  373  360      0.00
 2396  374  360      0.00
 2397  375  360      0.00
 2398  376  360      0.00
 2399  377  360      0.00
 2400  378  360      0.00
 2401  379  360      0.00
 2402  380  360      0.00
 2403  381  360      0.00
 2404  382  360      0.00
 2405  383  360      0.00
 2406  384  360      0.00
 2407  385  360      0.00
 2408  386  360      0.00
 2409  387  360      0.00
 2410  388  360      0.00
 2411  202  361      0.00
 2412  203  361      0.00
 2413  204  361      0.00
 2414  205  361      0.00
 2415  206  361      0.00
 2416  202  362      0.00
 2417  203  362      0.00
 2418  204  362      0.00
 2419  205  362      0.00
 2420  206  362      0.00
 2421  202  363      0.00
 2422  203  363      0.00
 2423  204  363      0.00
 2424  205  363      0.00
 2425  206  363      0.00
 2426  202  364      0.00
 2427  203  364      0.00
 2428  204  364      0.00
 2429  205  364      0.00
 2430  206  364      0.00
 2431  202  365      0.00
 2432  203  365      0.00
 2433  204  365      0.00
 2434  205  365      0.00
 2435  206  365      0.00
 2436  202  366      0.00
 2437  203  366      0.00
 2438  204  366      0.00
 2439  205  366      0.00
 2440  206  366      0.00
 2441  202  367      0.00
 2442  203  367      0.00
 2443  204  367      0.00
 2444  205  367      0.00
 2445  206  367      0.00
 2446  202  368      0.00
 2447  203  368      0.00
 2448  204  368      0.00
 2449  205  368      0.00
 2450  206  368      0.00
 2451  202  369      0.00
 2452  203  369      0.00
 2453  204  369      0.00
 2454  205  369      0.00
 2455  206  369      0.00
 2456  202  370      0.00
 2457  203  370      0.00
 2458  204  370      0.00
 2459  205  370      0.00
 2460  206  370      0.00
 2461  202  371      0.00
 2462  203  371      0.00
 2463  204  371      0.00
 2464  205  371      0.00
 2465  206  371      0.00
 2466  202  372      0.00
 2467  203  372      0.00
 2468  204  372      0.00
 2469  205  372      0.00
 2470  206  372      0.00
 2471  202  373      0.00
 2472  203  373      0.00
 2473  204  373      0.00
 2474  205  373      0.00
 2475  206  373      0.00
 2476  202  374      0.00
 2477  203  374      0.00
 2478  204  374      0.00
 2479  205  374      0.00
 2480  206  374      0.00
 2481  202  375      0.00
 2482  203  375      0.00
 2483  204  375      0.00
 2484  205  375      0.00
 2485  206  375      0.00
 2486  202  376      0.00
 2487  203  376      0.00
 2488  204  376      0.00
 2489  205  376      0.00
 2490  206  376      0.00
 2491  202  377      0.00
 2492  203  377      0.00
 2493  204  377      0.00
 2494  205  377      0.00
 2495  206  377      0.00
 2496  202  378      0.00
 2497  203  378      0.00
 2498  204  378      0.00
 2499  205  378      0.00
 2500  206  378      0.00
 2501  202  379      0.00
 2502  203  379      0.00
 2503  204  379      0.00
 2504  205  379      0.00
 2505  206  379      0.00
 2506  202  380      0.00
 2507  203  380      0.00
 2508  204  380      0.00
 2509  205  380      0.00
 2510  206  380      0.00
 2511  202  381      0.00
 2512  203  381      0.00
 2513  204  381      0.00
 2514  205  381      0.00
 2515  206  381      0.00
 2516  202  382      0.00
 2517  203  382      0.00
 2518  204  382      0.00
 2519  205  382      0.00
 2520  206  382      0.00
 2521  202  383      0.00
 2522  203  383      0.00
 2523  204  383      0.00
 2524  205  383      0.00
 2525  206  383      0.00
 2526  202  384      0.00
 2527  203  384      0.00
 2528  204  384      0.00
 2529  205  384      0.00
 2530  206  384      0.00
 2531  202  385      0.00
 2532  203  385      0.00
 2533  204  385      0.00
 2534  205  385      0.00
 2535  206  385      0.00
 2536  202  386      0.00
 2537  203  386      0.00
 2538  204  386      0.00
 2539  205  386      0.00
 2540  206  386      0.00
 2541  202  387      0.00
 2542  203  387      0.00
 2543  204  387      0.00
 2544  205  387      0.00
 2545  206  387      0.00
 2546  202  388      0.00
 2547  203  388      0.00
 2548  204  388      0.00
 2549  205  388      0.00
 2550  206  388      0.00
 2551  202  389      0.00
 2552  203  389      0.00
 2553  204  389      0.00
 2554  205  389      0.00
 2555  206  389      0.00
 2556  202  390      0.00
 2557  203  390      0.00
 2558  204  390      0.00
 2559  205  390      0.00
 2560  206  390      0.00
 2561  202  391      0.00
 2562  203  391      0.00
 2563  204  391      0.00
 2564  205  391      0.00
 2565  206  391      0.00
 2566  202  392      0.00
 2567  203  392      0.00
 2568  204  392      0.00
 2569  205  392      0.00
 2570  206  392      0.00
 2571  202  393      0.00
 2572  203  393      0.00
 2573  204  393      0.00
 2574  205  393      0.00
 2575  206  393      0.00
 2576  202  394      0.00
 2577  203  394      0.00
 2578  204  394      0.00
 2579  205  394      0.00
 2580  206  394      0.00
 2581  202  395      0.00
 2582  203  395      0.00
 2583  204  395      0.00
 2584  205  395      0.00
 2585  206  395      0.00
 2586  202  396      0.00
 2587  203  396      0.00
 2588  204  396      0.00
 2589  205  396      0.00
 2590  206  396      0.00
 2591  202  397      0.00
 2592  203  397      0.00
 2593  204  397      0.00
 2594  205  397      0.00
 2595  206  397      0.00
 2596  202  398      0.00
 2597  203  398      0.00
 2598  204  398      0.00
 2599  205  398      0.00
 2600  206  398      0.00
 2601  202  399      0.00
 2602  203  399      0.00
 2603  204  399      0.00
 2604  205  399      0.00
 2605  206  399      0.00
 2606  202  400      0.00
 2607  203  400      0.00
 2608  204  400      0.00
 2609  205  400      0.00
 2610  206  400      0.00
 2611  202  401      0.00
 2612  203  401      0.00
 2613  204  401      0.00
 2614  205  401      0.00
 2615  206  401      0.00
 2616  202  402      0.00
 2617  203  402      0.00
 2618  204  402      0.00
 2619  205  402      0.00
 2620  206  402      0.00
 2621  202  403      0.00
 2622  203  403      0.00
 2623  204  403      0.00
 2624  205  403      0.00
 2625  206  403      0.00
 2626  202  404      0.00
 2627  203  404      0.00
 2628  204  404      0.00
 2629  205  404      0.00
 2630  206  404      0.00
 2631  202  405      0.00
 2632  203  405      0.00
 2633  204  405      0.00
 2634  205  405      0.00
 2635  206  405      0.00
 2636  202  406      0.00
 2637  203  406      0.00
 2638  204  406      0.00
 2639  205  406      0.00
 2640  206  406      0.00
 2641  202  407      0.00
 2642  203  407      0.00
 2643  204  407      0.00
 2644  205  407      0.00
 2645  206  407      0.00
 2646  202  408      0.00
 2647  203  408      0.00
 2648  204  408      0.00
 2649  205  408      0.00
 2650  206  408      0.00
 2651  202  409      0.00
 2652  203  409      0.00
 2653  204  409      0.00
 2654  205  409      0.00
 2655  206  409      0.00
 2656  202  410      0.00
 2657  203  410      0.00
 2658  204  410      0.00
 2659  205  410      0.00
 2660  206  410      0.00
 2661  202  411      0.00
 2662  203  411      0.00
 2663  204  411      0.00
 2664  205  411      0.00
 2665  206  411      0.00
 2666  202  412      0.00
 2667  203  412      0.00
 2668  204  412      0.00
 2669  205  412      0.00
 2670  206  412      0.00
 2671  202  413      0.00
 2672  203  413      0.00
 2673  204  413      0.00
 2674  205  413      0.00
 2675  206  413      0.00
 2676  202  414      0.00
 2677  203  414      0.00
 2678  204  414      0.00
 2679  205  414      0.00
 2680  206  414      0.00
 2681  202  415      0.00
 2682  203  415      0.00
 2683  204  415      0.00
 2684  205  415      0.00
 2685  206  415      0.00
 2686  202  416      0.00
 2687  203  416      0.00
 2688  204  416      0.00
 2689  205  416      0.00
 2690  206  416      0.00
 2691  202  417      0.00
 2692  203  417      0.00
 2693  204  417      0.00
 2694  205  417      0.00
 2695  206  417      0.00
 2696  202  418      0.00
 2697  203  418      0.00
 2698  204  418      0.00
 2699  205  418      0.00
 2700  206  418      0.00
 2701  202  419      0.00
 2702  203  419      0.00
 2703  204  419      0.00
 2704  205  419      0.00
 2705  206  419      0.00
 2706  202  420      0.00
 2707  203  420      0.00
 2708  204  420      0.00
 2709  205  420      0.00
 2710  206  420      0.00
 2711  202  421      0.00
 2712  203  421      0.00
 2713  204  421      0.00
 2714  205  421      0.00
 2715  206  421      0.00
 2716  202  422      0.00
 2717  203  422      0.00
 2718  204  422      0.00
 2719  205  422      0.00
 2720  206  422      0.00
 2721  202  423      0.00
 2722  203  423      0.00
 2723  204  423      0.00
 2724  205  423      0.00
 2725  206  423      0.00
 2726  202  424      0.00
 2727  203  424      0.00
 2728  204  424      0.00
 2729  205  424      0.00
 2730  206  424      0.00
 2731  202  425      0.00
 2732  203  425      0.00
 2733  204  425      0.00
 2734  205  425      0.00
 2735  206  425      0.00
 2736  202  426      0.00
 2737  203  426      0.00
 2738  204  426      0.00
 2739  205  426      0.00
 2740  206  426      0.00
 2741  202  427      0.00
 2742  203  427      0.00
 2743  204  427      0.00
 2744  205  427      0.00
 2745  206  427      0.00
 2746  202  428      0.00
 2747  203  428      0.00
 2748  204  428      0.00
 2749  205  428      0.00
 2750  206  428      0.00
 2751  202  429      0.00
 2752  203  429      0.00
 2753  204  429      0.00
 2754  205  429      0.00
 2755  206  429      0.00
 2756  202  430      0.00
 2757  203  430      0.00
 2758  204  430      0.00
 2759  205  430      0.00
 2760  206  430      0.00
 2761  202  431      0.00
 2762  203  431      0.00
 2763  204  431      0.00
 2764  205  431      0.00
 2765  206  431      0.00
 2766  202  432      0.00
 2767  203  432      0.00
 2768  204  432      0.00
 2769  205  432      0.00
 2770  206  432      0.00
 2771  202  433      0.00
 2772  203  433      0.00
 2773  204  433      0.00
 2774  205  433      0.00
 2775  206  433      0.00
 2776  202  434      0.00
 2777  203  434      0.00
 2778  204  434      0.00
 2779  205  434      0.00
 2780  206  434      0.00
 2781  202  435      0.00
 2782  203  435      0.00
 2783  204  435      0.00
 2784  205  435      0.00
 2785  206  435      0.00
 2786  202  436      0.00
 2787  203  436      0.00
 2788  204  436      0.00
 2789  205  436      0.00
 2790  206  436      0.00
 2791  202  437      0.00
 2792  203  437      0.00
 2793  204  437      0.00
 2794  205  437      0.00
 2795  206  437      0.00
 2796  202  438      0.00
 2797  203  438      0.00
 2798  204  438      0.00
 2799  205  438      0.00
 2800  206  438      0.00
 2801  202  439      0.00
 2802  203  439      0.00
 2803  204  439      0.00
 2804  205  439      0.00
 2805  206  439      0.00
 2806  202  440      0.00
 2807  203  440      0.00
 2808  204  440      0.00
 2809  205  440      0.00
 2810  206  440      0.00
 2811  202  441      0.00
 2812  203  441      0.00
 2813  204  441      0.00
 2814  205  441      0.00
 2815  206  441      0.00
 2816  202  442      0.00
 2817  203  442      0.00
 2818  204  442      0.00
 2819  205  442      0.00
 2820  206  442      0.00
 2821  202  443      0.00
 2822  203  443      0.00
 2823  204  443      0.00
 2824  205  443      0.00
 2825  206  443      0.00
 2826  202  444      0.00
 2827  203  444      0.00
 2828  204  444      0.00
 2829  205  444      0.00
 2830  206  444      0.00
 2831  202  445      0.00
 2832  203  445      0.00
 2833  204  445      0.00
 2834  205  445      0.00
 2835  206  445      0.00
 2836  202  446      0.00
 2837  203  446      0.00
 2838  204  446      0.00
 2839  205  446      0.00
 2840  206  446      0.00
 2841  202  447      0.00
 2842  203  447      0.00
 2843  204  447      0.00
 2844  205  447      0.00
 2845  206  447      0.00
 2846  202  448      0.00
 2847  203  448      0.00
 2848  204  448      0.00
 2849  205  448      0.00
 2850  206  448      0.00
 2851  202  449      0.00
 2852  203  449      0.00
 2853  204  449      0.00
 2854  205  449      0.00
 2855  206  449      0.00
 2856  202  450      0.00
 2857  203  450      0.00
 2858  204  450      0.00
 2859  205  450      0.00
 2860  206  450      0.00
 2861  202  451      0.00
 2862  203  451      0.00
 2863  204  451      0.00
 2864  205  451      0.00
 2865  206  451      0.00
 2866  202  452      0.00
 2867  203  452      0.00
 2868  204  452      0.00
 2869  205  452      0.00
 2870  206  452      0.00
 2871  202  453      0.00
 2872  203  453      0.00
 2873  204  453      0.00
 2874  205  453      0.00
 2875  206  453      0.00
 2876  202  454      0.00
 2877  203  454      0.00
 2878  204  454      0.00
 2879  205  454      0.00
 2880  206  454      0.00
 2881  202  455      0.00
 2882  203  455      0.00
 2883  204  455      0.00
 2884  205  455      0.00
 2885  206  455      0.00
 2886  202  456      0.00
 2887  203  456      0.00
 2888  204  456      0.00
 2889  205  456      0.00
 2890  206  456      0.00
 2891  202  457      0.00
 2892  203  457      0.00
 2893  204  457      0.00
 2894  205  457      0.00
 2895  206  457      0.00
 2896  202  458      0.00
 2897  203  458      0.00
 2898  204  458      0.00
 2899  205  458      0.00
 2900  206  458      0.00
 2901  202  459      0.00
 2902  203  459      0.00
 2903  204  459      0.00
 2904  205  459      0.00
 2905  206  459      0.00
 2906  202  460      0.00
 2907  203  460      0.00
 2908  204  460      0.00
 2909  205  460      0.00
 2910  206  460      0.00
 2911  202  461      0.00
 2912  203  461      0.00
 2913  204  461      0.00
 2914  205  461      0.00
 2915  206  461      0.00
 2916  202  462      0.00
 2917  203  462      0.00
 2918  204  462      0.00
 2919  205  462      0.00
 2920  206  462      0.00
 2921  202  463      0.00
 2922  203  463      0.00
 2923  204  463      0.00
 2924  205  463      0.00
 2925  206  463      0.00
 2926  202  464      0.00
 2927  203  464      0.00
 2928  204  464      0.00
 2929  205  464      0.00
 2930  206  464      0.00
 2931  202  465      0.00
 2932  203  465      0.00
 2933  204  465      0.00
 2934  205  465      0.00
 2935  206  465      0.00
 2936  202  466      0.00
 2937  203  466      0.00
 2938  204  466      0.00
 2939  205  466      0.00
 2940  206  466      0.00
 2941  202  467      0.00
 2942  203  467      0.00
 2943  204  467      0.00
 2944  205  467      0.00
 2945  206  467      0.00
 2946  202  468      0.00
 2947  203  468      0.00
 2948  204  468      0.00
 2949  205  468      0.00
 2950  206  468      0.00
 2951  202  469      0.00
 2952  203  469      0.00
 2953  204  469      0.00
 2954  205  469      0.00
 2955  206  469      0.00
 2956  202  470      0.00
 2957  203  470      0.00
 2958  204  470      0.00
 2959  205  470      0.00
 2960  206  470      0.00
 2961  202  471      0.00
 2962  203  471      0.00
 2963  204  471      0.00
 2964  205  471      0.00
 2965  206  471      0.00
 2966  202  472      0.00
 2967  203  472      0.00
 2968  204  472      0.00
 2969  205  472      0.00
 2970  206  472      0.00
 2971  202  473      0.00
 2972  203  473      0.00
 2973  204  473      0.00
 2974  205  473      0.00
 2975  206  473      0.00
 2976  202  474      0.00
 2977  203  474      0.00
 2978  204  474      0.00
 2979  205  474      0.00
 2980  206  474      0.00
 2981  202  475      0.00
 2982  203  475      0.00
 2983  204  475      0.00
 2984  205  475      0.00
 2985  206  475      0.00
 2986  202  476      0.00
 2987  203  476      0.00
 2988  204  476      0.00
 2989  205  476      0.00
 2990  206  476      0.00
 2991  202  477      0.00
 2992  203  477      0.00
 2993  204  477      0.00
 2994  205  477      0.00
 2995  206  477      0.00
 2996  202  478      0.00
 2997  203  478      0.00
 2998  204  478      0.00
 2999  205  478      0.00
 3000  206  478      0.00
 3001  202  479      0.00
 3002  203  479      0.00
 3003  204  479      0.00
 3004  205  479      0.00
 3005  206  479      0.00
 3006  202  480      0.00
 3007  203  480      0.00
 3008  204  480      0.00
 3009  205  480      0.00
 3010  206  480      0.00
 3011  202  481      0.00
 3012  203  481      0.00
 3013  204  481      0.00
 3014  205  481      0.00
 3015  206  481      0.00
 3016  202  482      0.00
 3017  203  482      0.00
 3018  204  482      0.00
 3019  205  482      0.00
 3020  206  482      0.00
 3021  202  483      0.00
 3022  203  483      0.00
 3023  204  483      0.00
 3024  205  483      0.00
 3025  206  483      0.00
 3026  202  484      0.00
 3027  203  484      0.00
 3028  204  484      0.00
 3029  205  484      0.00
 3030  206  484      0.00
 3031  202  485      0.00
 3032  203  485      0.00
 3033  204  485      0.00
 3034  205  485      0.00
 3035  206  485      0.00
 3036  202  486      0.00
 3037  203  486      0.00
 3038  204  486      0.00
 3039  205  486      0.00
 3040  206  486      0.00
 3041  202  487      0.00
 3042  203  487      0.00
 3043  204  487      0.00
 3044  205  487      0.00
 3045  206  487      0.00
 3046  202  488      0.00
 3047  203  488      0.00
 3048  204  488      0.00
 3049  205  488      0.00
 3050  206  488      0.00
 3051  202  489      0.00
 3052  203  489      0.00
 3053  204  489      0.00
 3054  205  489      0.00
 3055  206  489      0.00
 3056  202  490      0.00
 3057  203  490      0.00
 3058  204  490      0.00
 3059  205  490      0.00
 3060  206  490      0.00
 3061  202  491      0.00
 3062  203  491      0.00
 3063  204  491      0.00
 3064  205  491      0.00
 3065  206  491      0.00
 3066  202  492      0.00
 3067  203  492      0.00
 3068  204  492      0.00
 3069  205  492      0.00
 3070  206  492      0.00
 3071  202  493      0.00
 3072  203  493      0.00
 3073  204  493      0.00
 3074  205  493      0.00
 3075  206  493      0.00
 3076  202  494      0.00
 3077  203  494      0.00
 3078  204  494      0.00
 3079  205  494      0.00
 3080  206  494      0.00
 3081  202  495      0.00
 3082  203  495      0.00
 3083  204  495      0.00
 3084  205  495      0.00
 3085  206  495      0.00
 3086  202  496      0.00
 3087  203  496      0.00
 3088  204  496      0.00
 3089  205  496      0.00
 3090  206  496      0.00
